<?xml version="1.0" encoding="UTF-8"?>
<testng-results skipped="0" failed="0" total="1" passed="1">
  <reporter-output>
  </reporter-output>
  <suite name="Default suite" duration-ms="147446" started-at="2022-03-28T11:52:16Z" finished-at="2022-03-28T11:54:43Z">
    <groups>
    </groups>
    <test name="Default test" duration-ms="147446" started-at="2022-03-28T11:52:16Z" finished-at="2022-03-28T11:54:43Z">
      <class name="com.crm.TestData.LoginPageUsingRunTimeParameters">
        <test-method status="PASS" signature="Loginpage()[pri:0, instance:com.crm.TestData.LoginPageUsingRunTimeParameters@5bcab519]" name="Loginpage" duration-ms="147321" started-at="2022-03-28T17:22:16Z" finished-at="2022-03-28T17:24:43Z">
          <reporter-output>
          </reporter-output>
        </test-method> <!-- Loginpage -->
      </class> <!-- com.crm.TestData.LoginPageUsingRunTimeParameters -->
    </test> <!-- Default test -->
  </suite> <!-- Default suite -->
</testng-results>
